<?xml version="1.0" encoding="UTF-8"?>
<!-- Generated by org.testng.reporters.JUnitReportReporter -->
<testsuite hostname="AFSWW5DNZYXCCN" failures="0" tests="9" name="testpackage.servicetests.MovieServiceTest" time="0.170" errors="0" timestamp="2023-01-17T13:50:21 CST" skipped="0">
  <testcase classname="testpackage.servicetests.MovieServiceTest" name="whenMovieAdded_returnMovie" time="0.027"/>
  <system-out/>
  <testcase classname="testpackage.servicetests.MovieServiceTest" name="invalidId_returnsNull" time="0.040"/>
  <system-out/>
  <testcase classname="testpackage.servicetests.MovieServiceTest" name="whenMoviesIsCalled_ShowAllMovies" time="0.010"/>
  <system-out/>
  <testcase classname="testpackage.servicetests.MovieServiceTest" name="whenValidIdGiven_returnMovie" time="0.011"/>
  <system-out/>
  <testcase classname="testpackage.servicetests.MovieServiceTest" name="whenGivenValidId_DeleteMovie" time="0.020"/>
  <system-out/>
  <testcase classname="testpackage.servicetests.MovieServiceTest" name="whenEmptyTitle_MovieNotSaved" time="0.014"/>
  <system-out/>
  <testcase classname="testpackage.servicetests.MovieServiceTest" name="whenNoMoviesExist_NoMoviesShown" time="0.015"/>
  <system-out/>
  <testcase classname="testpackage.servicetests.MovieServiceTest" name="whenMovieUpdated_returnMovie" time="0.012"/>
  <system-out/>
  <testcase classname="testpackage.servicetests.MovieServiceTest" name="updatingEmptyTitle_ReturnsNull" time="0.021"/>
  <system-out/>
</testsuite> <!-- testpackage.servicetests.MovieServiceTest -->
