<?xml version="1.0" encoding="UTF-8"?>
<!-- Generated by org.testng.reporters.JUnitReportReporter -->
<testsuite hostname="AFSWW5DNZYXCCN" failures="0" tests="13" name="testpackage.webapptests.WebAppTesting" time="31.842" errors="0" timestamp="2023-01-17T16:42:31 CST" skipped="0">
  <testcase classname="testpackage.webapptests.WebAppTesting" name="navigatePages" time="9.423"/>
  <system-out/>
  <testcase classname="testpackage.webapptests.WebAppTesting" name="addBook" time="2.498"/>
  <system-out/>
  <testcase classname="testpackage.webapptests.WebAppTesting" name="editBook" time="1.626"/>
  <system-out/>
  <testcase classname="testpackage.webapptests.WebAppTesting" name="deleteBook" time="1.823"/>
  <system-out/>
  <testcase classname="testpackage.webapptests.WebAppTesting" name="addGame" time="2.511"/>
  <system-out/>
  <testcase classname="testpackage.webapptests.WebAppTesting" name="editGame" time="2.151"/>
  <system-out/>
  <testcase classname="testpackage.webapptests.WebAppTesting" name="deleteGame" time="1.090"/>
  <system-out/>
  <testcase classname="testpackage.webapptests.WebAppTesting" name="addMovie" time="2.337"/>
  <system-out/>
  <testcase classname="testpackage.webapptests.WebAppTesting" name="editMovie" time="1.179"/>
  <system-out/>
  <testcase classname="testpackage.webapptests.WebAppTesting" name="deleteMovie" time="1.518"/>
  <system-out/>
  <testcase classname="testpackage.webapptests.WebAppTesting" name="addMusic" time="2.830"/>
  <system-out/>
  <testcase classname="testpackage.webapptests.WebAppTesting" name="editMusic" time="1.668"/>
  <system-out/>
  <testcase classname="testpackage.webapptests.WebAppTesting" name="deleteMusic" time="1.188"/>
  <system-out/>
</testsuite> <!-- testpackage.webapptests.WebAppTesting -->
