<?xml version="1.0" encoding="UTF-8"?>
<!-- Generated by org.testng.reporters.JUnitReportReporter -->
<testsuite hostname="AFSWW5DNZYXCCN" failures="0" tests="9" name="testpackage.servicetests.MusicServiceTest" time="0.077" errors="0" timestamp="2023-01-17T13:50:21 CST" skipped="0">
  <testcase classname="testpackage.servicetests.MusicServiceTest" name="whenNoMusicsExist_NoMusicsShown" time="0.008"/>
  <system-out/>
  <testcase classname="testpackage.servicetests.MusicServiceTest" name="updatingEmptyTitle_ReturnsNull" time="0.008"/>
  <system-out/>
  <testcase classname="testpackage.servicetests.MusicServiceTest" name="whenEmptyTitle_MusicNotSaved" time="0.009"/>
  <system-out/>
  <testcase classname="testpackage.servicetests.MusicServiceTest" name="whenGivenValidId_DeleteMusic" time="0.009"/>
  <system-out/>
  <testcase classname="testpackage.servicetests.MusicServiceTest" name="invalidId_returnsNull" time="0.006"/>
  <system-out/>
  <testcase classname="testpackage.servicetests.MusicServiceTest" name="whenMusicAdded_returnMusic" time="0.006"/>
  <system-out/>
  <testcase classname="testpackage.servicetests.MusicServiceTest" name="whenValidIdGiven_returnMusic" time="0.011"/>
  <system-out/>
  <testcase classname="testpackage.servicetests.MusicServiceTest" name="whenMusicsIsCalled_ShowAllMusics" time="0.009"/>
  <system-out/>
  <testcase classname="testpackage.servicetests.MusicServiceTest" name="whenMusicUpdated_returnMusic" time="0.011"/>
  <system-out/>
</testsuite> <!-- testpackage.servicetests.MusicServiceTest -->
