<?xml version="1.0" encoding="UTF-8"?>
<!-- Generated by org.testng.reporters.JUnitReportReporter -->
<testsuite hostname="AFSWW5DNZYXCCN" failures="0" tests="9" name="testpackage.servicetests.BookServiceTest" time="0.183" errors="0" timestamp="2023-01-17T14:31:45 CST" skipped="0">
  <testcase classname="testpackage.servicetests.BookServiceTest" name="whenEmptyTitle_BookNotSaved" time="0.020"/>
  <system-out/>
  <testcase classname="testpackage.servicetests.BookServiceTest" name="whenBookAdded_returnBook" time="0.020"/>
  <system-out/>
  <testcase classname="testpackage.servicetests.BookServiceTest" name="whenBooksIsCalled_ShowAllBooks" time="0.025"/>
  <system-out/>
  <testcase classname="testpackage.servicetests.BookServiceTest" name="invalidId_returnsNull" time="0.018"/>
  <system-out/>
  <testcase classname="testpackage.servicetests.BookServiceTest" name="whenValidIdGiven_returnBook" time="0.017"/>
  <system-out/>
  <testcase classname="testpackage.servicetests.BookServiceTest" name="updatingEmptyTitle_ReturnsNull" time="0.026"/>
  <system-out/>
  <testcase classname="testpackage.servicetests.BookServiceTest" name="whenNoBooksExist_NoBooksShown" time="0.019"/>
  <system-out/>
  <testcase classname="testpackage.servicetests.BookServiceTest" name="whenGivenValidId_DeleteBook" time="0.021"/>
  <system-out/>
  <testcase classname="testpackage.servicetests.BookServiceTest" name="whenBookUpdated_returnBook" time="0.017"/>
  <system-out/>
</testsuite> <!-- testpackage.servicetests.BookServiceTest -->
