<?xml version="1.0" encoding="UTF-8"?>
<!-- Generated by org.testng.reporters.JUnitReportReporter -->
<testsuite hostname="AFSWW5DNZYXCCN" failures="0" tests="9" name="testpackage.servicetests.MusicServiceTest" time="0.212" errors="0" timestamp="2023-01-12T15:34:58 CST" skipped="0">
  <testcase classname="testpackage.servicetests.MusicServiceTest" name="updatingEmptyTitle_ReturnsNull" time="0.025"/>
  <system-out/>
  <testcase classname="testpackage.servicetests.MusicServiceTest" name="whenEmptyTitle_MusicNotSaved" time="0.010"/>
  <system-out/>
  <testcase classname="testpackage.servicetests.MusicServiceTest" name="whenMusicUpdated_returnMusic" time="0.016"/>
  <system-out/>
  <testcase classname="testpackage.servicetests.MusicServiceTest" name="whenMusicsIsCalled_ShowAllMusics" time="0.013"/>
  <system-out/>
  <testcase classname="testpackage.servicetests.MusicServiceTest" name="whenValidIdGiven_returnMusic" time="0.019"/>
  <system-out/>
  <testcase classname="testpackage.servicetests.MusicServiceTest" name="invalidId_returnsNull" time="0.060"/>
  <system-out/>
  <testcase classname="testpackage.servicetests.MusicServiceTest" name="whenGivenValidId_DeleteMusic" time="0.026"/>
  <system-out/>
  <testcase classname="testpackage.servicetests.MusicServiceTest" name="whenNoMusicsExist_NoMusicsShown" time="0.028"/>
  <system-out/>
  <testcase classname="testpackage.servicetests.MusicServiceTest" name="whenMusicAdded_returnMusic" time="0.015"/>
  <system-out/>
</testsuite> <!-- testpackage.servicetests.MusicServiceTest -->
