<?xml version="1.0" encoding="UTF-8"?>
<!-- Generated by org.testng.reporters.JUnitReportReporter -->
<testsuite hostname="AFSWW5DNZYXCCN" failures="0" tests="1" name="testpackage.webapptests.GameTests" time="1.717" errors="0" timestamp="2023-01-13T17:23:30 CST" skipped="0">
  <testcase classname="testpackage.webapptests.GameTests" name="addGame" time="1.717"/>
  <system-out/>
</testsuite> <!-- testpackage.webapptests.GameTests -->
