<?xml version="1.0" encoding="UTF-8"?>
<!-- Generated by org.testng.reporters.JUnitReportReporter -->
<testsuite hostname="AFSWW5DNZYXCCN" failures="0" tests="3" name="testpackage.webapptests.BookTests" time="3.882" errors="0" timestamp="2023-01-13T17:11:02 CST" skipped="0">
  <testcase classname="testpackage.webapptests.BookTests" name="addBook" time="2.125"/>
  <system-out/>
  <testcase classname="testpackage.webapptests.BookTests" name="editBook" time="0.679"/>
  <system-out/>
  <testcase classname="testpackage.webapptests.BookTests" name="deleteBook" time="1.078"/>
  <system-out/>
</testsuite> <!-- testpackage.webapptests.BookTests -->
