<?xml version="1.0" encoding="UTF-8"?>
<!-- Generated by org.testng.reporters.JUnitReportReporter -->
<testsuite hostname="AFSWW5DNZYXCCN" failures="0" tests="13" name="testpackage.webapptests.WebAppTesting" time="29.737" errors="0" timestamp="2023-01-20T15:00:11 CST" skipped="0">
  <testcase classname="testpackage.webapptests.WebAppTesting" name="navigatePages" time="6.439"/>
  <system-out/>
  <testcase classname="testpackage.webapptests.WebAppTesting" name="addBook" time="1.974"/>
  <system-out/>
  <testcase classname="testpackage.webapptests.WebAppTesting" name="editBook" time="1.744"/>
  <system-out/>
  <testcase classname="testpackage.webapptests.WebAppTesting" name="deleteBook" time="2.105"/>
  <system-out/>
  <testcase classname="testpackage.webapptests.WebAppTesting" name="addGame" time="2.681"/>
  <system-out/>
  <testcase classname="testpackage.webapptests.WebAppTesting" name="editGame" time="1.252"/>
  <system-out/>
  <testcase classname="testpackage.webapptests.WebAppTesting" name="deleteGame" time="2.219"/>
  <system-out/>
  <testcase classname="testpackage.webapptests.WebAppTesting" name="addMovie" time="2.521"/>
  <system-out/>
  <testcase classname="testpackage.webapptests.WebAppTesting" name="editMovie" time="1.095"/>
  <system-out/>
  <testcase classname="testpackage.webapptests.WebAppTesting" name="deleteMovie" time="1.711"/>
  <system-out/>
  <testcase classname="testpackage.webapptests.WebAppTesting" name="addMusic" time="2.664"/>
  <system-out/>
  <testcase classname="testpackage.webapptests.WebAppTesting" name="editMusic" time="1.196"/>
  <system-out/>
  <testcase classname="testpackage.webapptests.WebAppTesting" name="deleteMusic" time="2.136"/>
  <system-out/>
</testsuite> <!-- testpackage.webapptests.WebAppTesting -->
