<?xml version="1.0" encoding="UTF-8"?>
<!-- Generated by org.testng.reporters.JUnitReportReporter -->
<testsuite hostname="AFSWW5DNZYXCCN" failures="0" tests="1" name="testpackage.webapptests.PageNav" time="5.537" errors="0" timestamp="2023-01-13T13:14:17 CST" skipped="0">
  <testcase classname="testpackage.webapptests.PageNav" name="navigatePages" time="5.537"/>
  <system-out/>
</testsuite> <!-- testpackage.webapptests.PageNav -->
