<?xml version="1.0" encoding="UTF-8"?>
<!-- Generated by org.testng.reporters.JUnitReportReporter -->
<testsuite hostname="AFSWW5DNZYXCCN" failures="0" tests="9" name="testpackage.servicetests.MovieServiceTest" time="0.390" errors="0" timestamp="2023-01-17T14:31:45 CST" skipped="0">
  <testcase classname="testpackage.servicetests.MovieServiceTest" name="whenMovieUpdated_returnMovie" time="0.017"/>
  <system-out/>
  <testcase classname="testpackage.servicetests.MovieServiceTest" name="whenValidIdGiven_returnMovie" time="0.057"/>
  <system-out/>
  <testcase classname="testpackage.servicetests.MovieServiceTest" name="updatingEmptyTitle_ReturnsNull" time="0.035"/>
  <system-out/>
  <testcase classname="testpackage.servicetests.MovieServiceTest" name="whenMovieAdded_returnMovie" time="0.035"/>
  <system-out/>
  <testcase classname="testpackage.servicetests.MovieServiceTest" name="whenMoviesIsCalled_ShowAllMovies" time="0.023"/>
  <system-out/>
  <testcase classname="testpackage.servicetests.MovieServiceTest" name="invalidId_returnsNull" time="0.129"/>
  <system-out/>
  <testcase classname="testpackage.servicetests.MovieServiceTest" name="whenEmptyTitle_MovieNotSaved" time="0.021"/>
  <system-out/>
  <testcase classname="testpackage.servicetests.MovieServiceTest" name="whenNoMoviesExist_NoMoviesShown" time="0.025"/>
  <system-out/>
  <testcase classname="testpackage.servicetests.MovieServiceTest" name="whenGivenValidId_DeleteMovie" time="0.048"/>
  <system-out/>
</testsuite> <!-- testpackage.servicetests.MovieServiceTest -->
