<?xml version="1.0" encoding="UTF-8"?>
<!-- Generated by org.testng.reporters.JUnitReportReporter -->
<testsuite hostname="AFSWW5DNZYXCCN" failures="0" tests="1" name="testpackage.webapptests.MovieTests" time="1.967" errors="0" timestamp="2023-01-13T17:25:00 CST" skipped="0">
  <testcase classname="testpackage.webapptests.MovieTests" name="addMovie" time="1.967"/>
  <system-out/>
</testsuite> <!-- testpackage.webapptests.MovieTests -->
