<?xml version="1.0" encoding="UTF-8"?>
<!-- Generated by org.testng.reporters.JUnitReportReporter -->
<testsuite hostname="AFSWW5DNZYXCCN" failures="0" tests="9" name="testpackage.servicetests.GameServiceTest" time="0.143" errors="0" timestamp="2023-01-17T14:31:45 CST" skipped="0">
  <testcase classname="testpackage.servicetests.GameServiceTest" name="whenEmptyTitle_GameNotSaved" time="0.014"/>
  <system-out/>
  <testcase classname="testpackage.servicetests.GameServiceTest" name="whenGamesIsCalled_ShowAllGames" time="0.012"/>
  <system-out/>
  <testcase classname="testpackage.servicetests.GameServiceTest" name="whenNoGamesExist_NoGamesShown" time="0.014"/>
  <system-out/>
  <testcase classname="testpackage.servicetests.GameServiceTest" name="whenValidIdGiven_returnGame" time="0.013"/>
  <system-out/>
  <testcase classname="testpackage.servicetests.GameServiceTest" name="invalidId_returnsNull" time="0.019"/>
  <system-out/>
  <testcase classname="testpackage.servicetests.GameServiceTest" name="whenGameAdded_returnGame" time="0.024"/>
  <system-out/>
  <testcase classname="testpackage.servicetests.GameServiceTest" name="whenGameUpdated_returnGame" time="0.014"/>
  <system-out/>
  <testcase classname="testpackage.servicetests.GameServiceTest" name="updatingEmptyTitle_ReturnsNull" time="0.020"/>
  <system-out/>
  <testcase classname="testpackage.servicetests.GameServiceTest" name="whenGivenValidId_DeleteGame" time="0.013"/>
  <system-out/>
</testsuite> <!-- testpackage.servicetests.GameServiceTest -->
