<?xml version="1.0" encoding="UTF-8"?>
<!-- Generated by org.testng.reporters.JUnitReportReporter -->
<testsuite hostname="AFSWW5DNZYXCCN" failures="0" tests="9" name="testpackage.servicetests.GameServiceTest" time="0.074" errors="0" timestamp="2023-01-17T13:50:21 CST" skipped="0">
  <testcase classname="testpackage.servicetests.GameServiceTest" name="invalidId_returnsNull" time="0.009"/>
  <system-out/>
  <testcase classname="testpackage.servicetests.GameServiceTest" name="whenGamesIsCalled_ShowAllGames" time="0.008"/>
  <system-out/>
  <testcase classname="testpackage.servicetests.GameServiceTest" name="whenNoGamesExist_NoGamesShown" time="0.008"/>
  <system-out/>
  <testcase classname="testpackage.servicetests.GameServiceTest" name="whenGivenValidId_DeleteGame" time="0.009"/>
  <system-out/>
  <testcase classname="testpackage.servicetests.GameServiceTest" name="updatingEmptyTitle_ReturnsNull" time="0.009"/>
  <system-out/>
  <testcase classname="testpackage.servicetests.GameServiceTest" name="whenGameUpdated_returnGame" time="0.008"/>
  <system-out/>
  <testcase classname="testpackage.servicetests.GameServiceTest" name="whenValidIdGiven_returnGame" time="0.008"/>
  <system-out/>
  <testcase classname="testpackage.servicetests.GameServiceTest" name="whenEmptyTitle_GameNotSaved" time="0.007"/>
  <system-out/>
  <testcase classname="testpackage.servicetests.GameServiceTest" name="whenGameAdded_returnGame" time="0.008"/>
  <system-out/>
</testsuite> <!-- testpackage.servicetests.GameServiceTest -->
